<?xml version="1.0" encoding="UTF-8"?>
<testsuite xmlns:xsi="http://www.w3.org/2001/XMLSchema-instance" xsi:noNamespaceSchemaLocation="https://maven.apache.org/surefire/maven-surefire-plugin/xsd/surefire-test-report.xsd" name="TestSuite" time="41.767" tests="3" errors="0" skipped="0" failures="0">
  <properties>
    <property name="sun.desktop" value="gnome"/>
    <property name="awt.toolkit" value="sun.awt.X11.XToolkit"/>
    <property name="file.encoding.pkg" value="sun.io"/>
    <property name="java.specification.version" value="1.8"/>
    <property name="sun.cpu.isalist" value=""/>
    <property name="sun.jnu.encoding" value="UTF-8"/>
    <property name="java.class.path" value="/home/sachin/eclipse-workspace/Yauto/target/test-classes:/home/sachin/eclipse-workspace/Yauto/target/classes:/home/sachin/.m2/repository/org/seleniumhq/selenium/selenium-java/3.12.0/selenium-java-3.12.0.jar:/home/sachin/.m2/repository/org/seleniumhq/selenium/selenium-api/3.12.0/selenium-api-3.12.0.jar:/home/sachin/.m2/repository/org/seleniumhq/selenium/selenium-chrome-driver/3.12.0/selenium-chrome-driver-3.12.0.jar:/home/sachin/.m2/repository/org/seleniumhq/selenium/selenium-edge-driver/3.12.0/selenium-edge-driver-3.12.0.jar:/home/sachin/.m2/repository/org/seleniumhq/selenium/selenium-firefox-driver/3.12.0/selenium-firefox-driver-3.12.0.jar:/home/sachin/.m2/repository/org/seleniumhq/selenium/selenium-ie-driver/3.12.0/selenium-ie-driver-3.12.0.jar:/home/sachin/.m2/repository/org/seleniumhq/selenium/selenium-opera-driver/3.12.0/selenium-opera-driver-3.12.0.jar:/home/sachin/.m2/repository/org/seleniumhq/selenium/selenium-remote-driver/3.12.0/selenium-remote-driver-3.12.0.jar:/home/sachin/.m2/repository/org/seleniumhq/selenium/selenium-safari-driver/3.12.0/selenium-safari-driver-3.12.0.jar:/home/sachin/.m2/repository/org/seleniumhq/selenium/selenium-support/3.12.0/selenium-support-3.12.0.jar:/home/sachin/.m2/repository/net/bytebuddy/byte-buddy/1.8.3/byte-buddy-1.8.3.jar:/home/sachin/.m2/repository/org/apache/commons/commons-exec/1.3/commons-exec-1.3.jar:/home/sachin/.m2/repository/commons-codec/commons-codec/1.10/commons-codec-1.10.jar:/home/sachin/.m2/repository/commons-logging/commons-logging/1.2/commons-logging-1.2.jar:/home/sachin/.m2/repository/com/google/code/gson/gson/2.8.2/gson-2.8.2.jar:/home/sachin/.m2/repository/com/google/guava/guava/23.6-jre/guava-23.6-jre.jar:/home/sachin/.m2/repository/com/google/code/findbugs/jsr305/1.3.9/jsr305-1.3.9.jar:/home/sachin/.m2/repository/org/checkerframework/checker-compat-qual/2.0.0/checker-compat-qual-2.0.0.jar:/home/sachin/.m2/repository/com/google/errorprone/error_prone_annotations/2.1.3/error_prone_annotations-2.1.3.jar:/home/sachin/.m2/repository/com/google/j2objc/j2objc-annotations/1.1/j2objc-annotations-1.1.jar:/home/sachin/.m2/repository/org/codehaus/mojo/animal-sniffer-annotations/1.14/animal-sniffer-annotations-1.14.jar:/home/sachin/.m2/repository/org/apache/httpcomponents/httpclient/4.5.3/httpclient-4.5.3.jar:/home/sachin/.m2/repository/org/apache/httpcomponents/httpcore/4.4.6/httpcore-4.4.6.jar:/home/sachin/.m2/repository/com/squareup/okhttp3/okhttp/3.9.1/okhttp-3.9.1.jar:/home/sachin/.m2/repository/com/squareup/okio/okio/1.13.0/okio-1.13.0.jar:/home/sachin/.m2/repository/org/testng/testng/6.14.3/testng-6.14.3.jar:/home/sachin/.m2/repository/com/beust/jcommander/1.72/jcommander-1.72.jar:/home/sachin/.m2/repository/org/apache-extras/beanshell/bsh/2.0b6/bsh-2.0b6.jar:/home/sachin/.m2/repository/log4j/log4j/1.2.17/log4j-1.2.17.jar:/home/sachin/.m2/repository/org/apache/poi/poi-ooxml/3.10-FINAL/poi-ooxml-3.10-FINAL.jar:/home/sachin/.m2/repository/org/apache/poi/poi/3.10-FINAL/poi-3.10-FINAL.jar:/home/sachin/.m2/repository/org/apache/poi/poi-ooxml-schemas/3.10-FINAL/poi-ooxml-schemas-3.10-FINAL.jar:/home/sachin/.m2/repository/org/apache/xmlbeans/xmlbeans/2.3.0/xmlbeans-2.3.0.jar:/home/sachin/.m2/repository/stax/stax-api/1.0.1/stax-api-1.0.1.jar:/home/sachin/.m2/repository/dom4j/dom4j/1.6.1/dom4j-1.6.1.jar:/home/sachin/.m2/repository/xml-apis/xml-apis/1.0.b2/xml-apis-1.0.b2.jar:/home/sachin/.m2/repository/com/aventstack/extentreports/3.1.5/extentreports-3.1.5.jar:/home/sachin/.m2/repository/org/freemarker/freemarker/2.3.23/freemarker-2.3.23.jar:/home/sachin/.m2/repository/org/mongodb/mongodb-driver/3.3.0/mongodb-driver-3.3.0.jar:/home/sachin/.m2/repository/org/mongodb/bson/3.3.0/bson-3.3.0.jar:/home/sachin/.m2/repository/org/mongodb/mongodb-driver-core/3.3.0/mongodb-driver-core-3.3.0.jar:/home/sachin/.m2/repository/org/apache/httpcomponents/httpmime/4.5.2/httpmime-4.5.2.jar:/home/sachin/.m2/repository/org/jsoup/jsoup/1.9.2/jsoup-1.9.2.jar:/home/sachin/.m2/repository/javax/mail/javax.mail-api/1.5.5/javax.mail-api-1.5.5.jar:/home/sachin/.m2/repository/org/apache/maven/surefire/surefire-testng-utils/2.20.1/surefire-testng-utils-2.20.1.jar:/home/sachin/.m2/repository/org/apache/maven/surefire/surefire-grouper/2.20.1/surefire-grouper-2.20.1.jar:"/>
    <property name="java.vm.vendor" value="Oracle Corporation"/>
    <property name="sun.arch.data.model" value="32"/>
    <property name="java.vendor.url" value="http://java.oracle.com/"/>
    <property name="user.timezone" value=""/>
    <property name="java.vm.specification.version" value="1.8"/>
    <property name="os.name" value="Linux"/>
    <property name="user.country" value="IN"/>
    <property name="sun.java.launcher" value="SUN_STANDARD"/>
    <property name="sun.boot.library.path" value="/usr/lib/jvm/java-8-oracle/jre/lib/i386"/>
    <property name="sun.java.command" value="/home/sachin/eclipse-workspace/Yauto/target/surefire/surefirebooter4495546142812075815.jar /home/sachin/eclipse-workspace/Yauto/target/surefire 2018-09-24T15-41-12_837-jvmRun1 surefire9047908918043927028tmp surefire_09214999889390305076tmp"/>
    <property name="surefire.test.class.path" value="/home/sachin/eclipse-workspace/Yauto/target/test-classes:/home/sachin/eclipse-workspace/Yauto/target/classes:/home/sachin/.m2/repository/org/seleniumhq/selenium/selenium-java/3.12.0/selenium-java-3.12.0.jar:/home/sachin/.m2/repository/org/seleniumhq/selenium/selenium-api/3.12.0/selenium-api-3.12.0.jar:/home/sachin/.m2/repository/org/seleniumhq/selenium/selenium-chrome-driver/3.12.0/selenium-chrome-driver-3.12.0.jar:/home/sachin/.m2/repository/org/seleniumhq/selenium/selenium-edge-driver/3.12.0/selenium-edge-driver-3.12.0.jar:/home/sachin/.m2/repository/org/seleniumhq/selenium/selenium-firefox-driver/3.12.0/selenium-firefox-driver-3.12.0.jar:/home/sachin/.m2/repository/org/seleniumhq/selenium/selenium-ie-driver/3.12.0/selenium-ie-driver-3.12.0.jar:/home/sachin/.m2/repository/org/seleniumhq/selenium/selenium-opera-driver/3.12.0/selenium-opera-driver-3.12.0.jar:/home/sachin/.m2/repository/org/seleniumhq/selenium/selenium-remote-driver/3.12.0/selenium-remote-driver-3.12.0.jar:/home/sachin/.m2/repository/org/seleniumhq/selenium/selenium-safari-driver/3.12.0/selenium-safari-driver-3.12.0.jar:/home/sachin/.m2/repository/org/seleniumhq/selenium/selenium-support/3.12.0/selenium-support-3.12.0.jar:/home/sachin/.m2/repository/net/bytebuddy/byte-buddy/1.8.3/byte-buddy-1.8.3.jar:/home/sachin/.m2/repository/org/apache/commons/commons-exec/1.3/commons-exec-1.3.jar:/home/sachin/.m2/repository/commons-codec/commons-codec/1.10/commons-codec-1.10.jar:/home/sachin/.m2/repository/commons-logging/commons-logging/1.2/commons-logging-1.2.jar:/home/sachin/.m2/repository/com/google/code/gson/gson/2.8.2/gson-2.8.2.jar:/home/sachin/.m2/repository/com/google/guava/guava/23.6-jre/guava-23.6-jre.jar:/home/sachin/.m2/repository/com/google/code/findbugs/jsr305/1.3.9/jsr305-1.3.9.jar:/home/sachin/.m2/repository/org/checkerframework/checker-compat-qual/2.0.0/checker-compat-qual-2.0.0.jar:/home/sachin/.m2/repository/com/google/errorprone/error_prone_annotations/2.1.3/error_prone_annotations-2.1.3.jar:/home/sachin/.m2/repository/com/google/j2objc/j2objc-annotations/1.1/j2objc-annotations-1.1.jar:/home/sachin/.m2/repository/org/codehaus/mojo/animal-sniffer-annotations/1.14/animal-sniffer-annotations-1.14.jar:/home/sachin/.m2/repository/org/apache/httpcomponents/httpclient/4.5.3/httpclient-4.5.3.jar:/home/sachin/.m2/repository/org/apache/httpcomponents/httpcore/4.4.6/httpcore-4.4.6.jar:/home/sachin/.m2/repository/com/squareup/okhttp3/okhttp/3.9.1/okhttp-3.9.1.jar:/home/sachin/.m2/repository/com/squareup/okio/okio/1.13.0/okio-1.13.0.jar:/home/sachin/.m2/repository/org/testng/testng/6.14.3/testng-6.14.3.jar:/home/sachin/.m2/repository/com/beust/jcommander/1.72/jcommander-1.72.jar:/home/sachin/.m2/repository/org/apache-extras/beanshell/bsh/2.0b6/bsh-2.0b6.jar:/home/sachin/.m2/repository/log4j/log4j/1.2.17/log4j-1.2.17.jar:/home/sachin/.m2/repository/org/apache/poi/poi-ooxml/3.10-FINAL/poi-ooxml-3.10-FINAL.jar:/home/sachin/.m2/repository/org/apache/poi/poi/3.10-FINAL/poi-3.10-FINAL.jar:/home/sachin/.m2/repository/org/apache/poi/poi-ooxml-schemas/3.10-FINAL/poi-ooxml-schemas-3.10-FINAL.jar:/home/sachin/.m2/repository/org/apache/xmlbeans/xmlbeans/2.3.0/xmlbeans-2.3.0.jar:/home/sachin/.m2/repository/stax/stax-api/1.0.1/stax-api-1.0.1.jar:/home/sachin/.m2/repository/dom4j/dom4j/1.6.1/dom4j-1.6.1.jar:/home/sachin/.m2/repository/xml-apis/xml-apis/1.0.b2/xml-apis-1.0.b2.jar:/home/sachin/.m2/repository/com/aventstack/extentreports/3.1.5/extentreports-3.1.5.jar:/home/sachin/.m2/repository/org/freemarker/freemarker/2.3.23/freemarker-2.3.23.jar:/home/sachin/.m2/repository/org/mongodb/mongodb-driver/3.3.0/mongodb-driver-3.3.0.jar:/home/sachin/.m2/repository/org/mongodb/bson/3.3.0/bson-3.3.0.jar:/home/sachin/.m2/repository/org/mongodb/mongodb-driver-core/3.3.0/mongodb-driver-core-3.3.0.jar:/home/sachin/.m2/repository/org/apache/httpcomponents/httpmime/4.5.2/httpmime-4.5.2.jar:/home/sachin/.m2/repository/org/jsoup/jsoup/1.9.2/jsoup-1.9.2.jar:/home/sachin/.m2/repository/javax/mail/javax.mail-api/1.5.5/javax.mail-api-1.5.5.jar:/home/sachin/.m2/repository/org/apache/maven/surefire/surefire-testng-utils/2.20.1/surefire-testng-utils-2.20.1.jar:/home/sachin/.m2/repository/org/apache/maven/surefire/surefire-grouper/2.20.1/surefire-grouper-2.20.1.jar:"/>
    <property name="sun.cpu.endian" value="little"/>
    <property name="user.home" value="/home/sachin"/>
    <property name="user.language" value="en"/>
    <property name="java.specification.vendor" value="Oracle Corporation"/>
    <property name="java.home" value="/usr/lib/jvm/java-8-oracle/jre"/>
    <property name="basedir" value="/home/sachin/eclipse-workspace/Yauto"/>
    <property name="file.separator" value="/"/>
    <property name="line.separator" value="&#10;"/>
    <property name="java.vm.specification.vendor" value="Oracle Corporation"/>
    <property name="java.specification.name" value="Java Platform API Specification"/>
    <property name="java.awt.graphicsenv" value="sun.awt.X11GraphicsEnvironment"/>
    <property name="surefire.real.class.path" value="/home/sachin/eclipse-workspace/Yauto/target/surefire/surefirebooter4495546142812075815.jar"/>
    <property name="sun.boot.class.path" value="/usr/lib/jvm/java-8-oracle/jre/lib/resources.jar:/usr/lib/jvm/java-8-oracle/jre/lib/rt.jar:/usr/lib/jvm/java-8-oracle/jre/lib/sunrsasign.jar:/usr/lib/jvm/java-8-oracle/jre/lib/jsse.jar:/usr/lib/jvm/java-8-oracle/jre/lib/jce.jar:/usr/lib/jvm/java-8-oracle/jre/lib/charsets.jar:/usr/lib/jvm/java-8-oracle/jre/lib/jfr.jar:/usr/lib/jvm/java-8-oracle/jre/classes"/>
    <property name="sun.management.compiler" value="HotSpot Tiered Compilers"/>
    <property name="java.runtime.version" value="1.8.0_181-b13"/>
    <property name="user.name" value="sachin"/>
    <property name="path.separator" value=":"/>
    <property name="os.version" value="3.13.0-37-generic"/>
    <property name="java.endorsed.dirs" value="/usr/lib/jvm/java-8-oracle/jre/lib/endorsed"/>
    <property name="java.runtime.name" value="Java(TM) SE Runtime Environment"/>
    <property name="file.encoding" value="UTF-8"/>
    <property name="java.vm.name" value="Java HotSpot(TM) Server VM"/>
    <property name="localRepository" value="/home/sachin/.m2/repository"/>
    <property name="java.vendor.url.bug" value="http://bugreport.sun.com/bugreport/"/>
    <property name="java.io.tmpdir" value="/tmp"/>
    <property name="java.version" value="1.8.0_181"/>
    <property name="user.dir" value="/home/sachin/eclipse-workspace/Yauto"/>
    <property name="os.arch" value="i386"/>
    <property name="java.vm.specification.name" value="Java Virtual Machine Specification"/>
    <property name="java.awt.printerjob" value="sun.print.PSPrinterJob"/>
    <property name="sun.os.patch.level" value="unknown"/>
    <property name="java.library.path" value="/usr/lib/jvm/java-8-oracle/jre/lib/i386/server:/usr/lib/jvm/java-8-oracle/jre/lib/i386:/usr/lib/jvm/java-8-oracle/jre/../lib/i386:/usr/lib/jvm/java-8-oracle/jre/lib/i386/client:/usr/lib/jvm/java-8-oracle/jre/lib/i386::/usr/java/packages/lib/i386:/lib:/usr/lib"/>
    <property name="java.vm.info" value="mixed mode"/>
    <property name="java.vendor" value="Oracle Corporation"/>
    <property name="java.vm.version" value="25.181-b13"/>
    <property name="java.ext.dirs" value="/usr/lib/jvm/java-8-oracle/jre/lib/ext:/usr/java/packages/lib/ext"/>
    <property name="sun.io.unicode.encoding" value="UnicodeLittle"/>
    <property name="java.class.version" value="52.0"/>
  </properties>
  <testcase name="m2" classname="first.Google" time="4.888"/>
  <testcase name="m2" classname="first.Google2" time="1.685"/>
  <testcase name="m1" classname="first.HelloWorld" time="0"/>
</testsuite>