<?xml version="1.0" encoding="UTF-8"?>
<!-- Generated by org.testng.reporters.JUnitReportReporter -->
<testsuite skipped="0" hostname="administrator-To-be-filled-by-O-E-M" name="first.Google" tests="1" failures="0" timestamp="24 Sep 2018 09:38:56 GMT" time="2.351" errors="0">
  <testcase name="m2" time="2.351" classname="first.Google"/>
</testsuite> <!-- first.Google -->
