<?xml version="1.0" encoding="UTF-8"?>
<!-- Generated by org.testng.reporters.JUnitReportReporter -->
<testsuite skipped="0" hostname="administrator-To-be-filled-by-O-E-M" name="first.Google" tests="1" failures="0" timestamp="24 Sep 2018 10:11:55 GMT" time="4.872" errors="0">
  <testcase name="m2" time="4.872" classname="first.Google"/>
</testsuite> <!-- first.Google -->
