<?xml version="1.0" encoding="UTF-8"?>
<!-- Generated by org.testng.reporters.JUnitReportReporter -->
<testsuite skipped="0" hostname="administrator-To-be-filled-by-O-E-M" name="first.HelloWorld" tests="1" failures="0" timestamp="24 Sep 2018 10:11:55 GMT" time="0.000" errors="0">
  <testcase name="m1" time="0.000" classname="first.HelloWorld"/>
</testsuite> <!-- first.HelloWorld -->
